<?xml version="1.0" encoding="UTF-8"?>
<!-- Generated by org.testng.reporters.JUnitXMLReporter -->
<testsuite ignored="0" hostname="ADJ-Azuz-STRIX" failures="1" tests="1" name="Default test" time="0.46" errors="0" timestamp="2023-05-14T12:13:12 GST">
  <testcase classname="testCase.TC_ApiCalls" name="postCall" time="0.316">
    <failure type="com.fasterxml.jackson.databind.exc.MismatchedInputException" message="Cannot deserialize value of type `pojo.DynamicResponsePriceData` from Array value (token `JsonToken.START_ARRAY`)
 at [Source: (String)&amp;quot;{&amp;quot;leg&amp;quot;:[{&amp;quot;originId&amp;quot;:&amp;quot;MCT&amp;quot;,&amp;quot;destinationId&amp;quot;:&amp;quot;DXB&amp;quot;,&amp;quot;departureFrom&amp;quot;:&amp;quot;2023-05-14&amp;quot;,&amp;quot;departureTo&amp;quot;:&amp;quot;2023-05-19&amp;quot;},{&amp;quot;originId&amp;quot;:&amp;quot;DXB&amp;quot;,&amp;quot;destinationId&amp;quot;:&amp;quot;MCT&amp;quot;,&amp;quot;departureFrom&amp;quot;:&amp;quot;2023-05-14&amp;quot;,&amp;quot;departureTo&amp;quot;:&amp;quot;2023-05-19&amp;quot;}],&amp;quot;cabin&amp;quot;:&amp;quot;Economy&amp;quot;,&amp;quot;pax&amp;quot;:{&amp;quot;adult&amp;quot;:1,&amp;quot;child&amp;quot;:0,&amp;quot;infant&amp;quot;:0},&amp;quot;stops&amp;quot;:[],&amp;quot;airline&amp;quot;:[],&amp;quot;timeSlots&amp;quot;:{},&amp;quot;airports&amp;quot;:{}}&amp;quot;; line: 1, column: 8] (through reference chain: java.util.LinkedHashMap[&amp;quot;leg&amp;quot;])">
      <![CDATA[com.fasterxml.jackson.databind.exc.MismatchedInputException: Cannot deserialize value of type `pojo.DynamicResponsePriceData` from Array value (token `JsonToken.START_ARRAY`)
 at [Source: (String)"{"leg":[{"originId":"MCT","destinationId":"DXB","departureFrom":"2023-05-14","departureTo":"2023-05-19"},{"originId":"DXB","destinationId":"MCT","departureFrom":"2023-05-14","departureTo":"2023-05-19"}],"cabin":"Economy","pax":{"adult":1,"child":0,"infant":0},"stops":[],"airline":[],"timeSlots":{},"airports":{}}"; line: 1, column: 8] (through reference chain: java.util.LinkedHashMap["leg"])
at com.fasterxml.jackson.databind.exc.MismatchedInputException.from(MismatchedInputException.java:59)
at com.fasterxml.jackson.databind.DeserializationContext.reportInputMismatch(DeserializationContext.java:1746)
at com.fasterxml.jackson.databind.DeserializationContext.handleUnexpectedToken(DeserializationContext.java:1520)
at com.fasterxml.jackson.databind.DeserializationContext.handleUnexpectedToken(DeserializationContext.java:1467)
at com.fasterxml.jackson.databind.deser.BeanDeserializer._deserializeFromArray(BeanDeserializer.java:648)
at com.fasterxml.jackson.databind.deser.BeanDeserializer._deserializeOther(BeanDeserializer.java:211)
at com.fasterxml.jackson.databind.deser.BeanDeserializer.deserialize(BeanDeserializer.java:187)
at com.fasterxml.jackson.databind.deser.std.MapDeserializer._readAndBindStringKeyMap(MapDeserializer.java:623)
at com.fasterxml.jackson.databind.deser.std.MapDeserializer.deserialize(MapDeserializer.java:449)
at com.fasterxml.jackson.databind.deser.std.MapDeserializer.deserialize(MapDeserializer.java:32)
at com.fasterxml.jackson.databind.deser.DefaultDeserializationContext.readRootValue(DefaultDeserializationContext.java:323)
at com.fasterxml.jackson.databind.ObjectMapper._readMapAndClose(ObjectMapper.java:4730)
at com.fasterxml.jackson.databind.ObjectMapper.readValue(ObjectMapper.java:3677)
at com.fasterxml.jackson.databind.ObjectMapper.readValue(ObjectMapper.java:3660)
at testCase.TC_ApiCalls.postCall(TC_ApiCalls.java:94)
at java.base/jdk.internal.reflect.NativeMethodAccessorImpl.invoke0(Native Method)
at java.base/jdk.internal.reflect.NativeMethodAccessorImpl.invoke(NativeMethodAccessorImpl.java:77)
at java.base/jdk.internal.reflect.DelegatingMethodAccessorImpl.invoke(DelegatingMethodAccessorImpl.java:43)
at java.base/java.lang.reflect.Method.invoke(Method.java:568)
at org.testng.internal.MethodInvocationHelper.invokeMethod(MethodInvocationHelper.java:133)
at org.testng.internal.TestInvoker.invokeMethod(TestInvoker.java:598)
at org.testng.internal.TestInvoker.invokeTestMethod(TestInvoker.java:173)
at org.testng.internal.MethodRunner.runInSequence(MethodRunner.java:46)
at org.testng.internal.TestInvoker$MethodInvocationAgent.invoke(TestInvoker.java:824)
at org.testng.internal.TestInvoker.invokeTestMethods(TestInvoker.java:146)
at org.testng.internal.TestMethodWorker.invokeTestMethods(TestMethodWorker.java:146)
at org.testng.internal.TestMethodWorker.run(TestMethodWorker.java:128)
at java.base/java.util.ArrayList.forEach(ArrayList.java:1511)
at org.testng.TestRunner.privateRun(TestRunner.java:794)
at org.testng.TestRunner.run(TestRunner.java:596)
at org.testng.SuiteRunner.runTest(SuiteRunner.java:377)
at org.testng.SuiteRunner.runSequentially(SuiteRunner.java:371)
at org.testng.SuiteRunner.privateRun(SuiteRunner.java:332)
at org.testng.SuiteRunner.run(SuiteRunner.java:276)
at org.testng.SuiteRunnerWorker.runSuite(SuiteRunnerWorker.java:53)
at org.testng.SuiteRunnerWorker.run(SuiteRunnerWorker.java:96)
at org.testng.TestNG.runSuitesSequentially(TestNG.java:1212)
at org.testng.TestNG.runSuitesLocally(TestNG.java:1134)
at org.testng.TestNG.runSuites(TestNG.java:1063)
at org.testng.TestNG.run(TestNG.java:1031)
at org.testng.remote.AbstractRemoteTestNG.run(AbstractRemoteTestNG.java:115)
at org.testng.remote.RemoteTestNG.initAndRun(RemoteTestNG.java:251)
at org.testng.remote.RemoteTestNG.main(RemoteTestNG.java:77)
]]>
    </failure>
  </testcase> <!-- postCall -->
</testsuite> <!-- Default test -->
