<?xml version="1.0" encoding="UTF-8"?>
<testng-results ignored="0" total="2" passed="2" failed="0" skipped="0">
  <reporter-output>
  </reporter-output>
  <suite started-at="2023-05-15T00:48:17 GST" name="Default suite" finished-at="2023-05-15T00:48:21 GST" duration-ms="3595">
    <groups>
    </groups>
    <test started-at="2023-05-15T00:48:17 GST" name="Default test" finished-at="2023-05-15T00:48:21 GST" duration-ms="3595">
      <class name="testCase.TC_ApiCalls">
        <test-method signature="getCall()[pri:0, instance:testCase.TC_ApiCalls@23e84203]" started-at="2023-05-15T00:48:17 GST" name="getCall" finished-at="2023-05-15T00:48:20 GST" duration-ms="2920" status="PASS">
          <reporter-output>
          </reporter-output>
        </test-method> <!-- getCall -->
        <test-method signature="postCall()[pri:0, instance:testCase.TC_ApiCalls@23e84203]" started-at="2023-05-15T00:48:20 GST" name="postCall" finished-at="2023-05-15T00:48:21 GST" duration-ms="482" status="PASS">
          <reporter-output>
          </reporter-output>
        </test-method> <!-- postCall -->
      </class> <!-- testCase.TC_ApiCalls -->
    </test> <!-- Default test -->
  </suite> <!-- Default suite -->
</testng-results>
