<?xml version="1.0" encoding="UTF-8"?>
<testng-results ignored="0" total="1" passed="1" failed="0" skipped="0">
  <reporter-output>
  </reporter-output>
  <suite started-at="2023-05-14T09:52:34 GST" name="Default suite" finished-at="2023-05-14T09:52:37 GST" duration-ms="3240">
    <groups>
    </groups>
    <test started-at="2023-05-14T09:52:34 GST" name="Default test" finished-at="2023-05-14T09:52:37 GST" duration-ms="3240">
      <class name="testCase.TC_ApiCalls">
        <test-method signature="getCall()[pri:0, instance:testCase.TC_ApiCalls@19932c16]" started-at="2023-05-14T09:52:34 GST" name="getCall" finished-at="2023-05-14T09:52:37 GST" duration-ms="3107" status="PASS">
          <reporter-output>
          </reporter-output>
        </test-method> <!-- getCall -->
      </class> <!-- testCase.TC_ApiCalls -->
    </test> <!-- Default test -->
  </suite> <!-- Default suite -->
</testng-results>
